This is pdfTeX, Version 3.1415926-1.40.11 (Web2C 2010) (format=pdfcslatex 2017.3.14)  22 MAR 2019 14:01
entering extended mode
 restricted \write18 enabled.
 %&-line parsing enabled.
**"C:/Moje Dokumenty/Katedra2019/Diplomove prace/BIBTEX/bibeng/kollareng.tex"
(c:/Moje Dokumenty/Katedra2019/Diplomove prace/BIBTEX/bibeng/kollareng.tex
LaTeX2e <2009/09/24>
Loading CZ hyphenation patterns: Pavel Sevecek, v3, 1995
Loading SK hyphenation patterns: Jana Chlebikova, 1992
(c:/texlive/2010/texmf-dist/tex/latex/base/article.cls
Document Class: article 2007/10/19 v1.4h Standard LaTeX document class
(c:/texlive/2010/texmf-dist/tex/latex/base/size11.clo
File: size11.clo 2007/10/19 v1.4h Standard LaTeX file (size option)
)
\c@part=\count79
\c@section=\count80
\c@subsection=\count81
\c@subsubsection=\count82
\c@paragraph=\count83
\c@subparagraph=\count84
\c@figure=\count85
\c@table=\count86
\abovecaptionskip=\skip41
\belowcaptionskip=\skip42
\bibindent=\dimen102
) (./kollareng.aux)
\openout1 = `kollareng.aux'.

LaTeX Font Info:    Checking defaults for OML/cmm/m/it on input line 15.
LaTeX Font Info:    ... okay on input line 15.
LaTeX Font Info:    Checking defaults for T1/cmr/m/n on input line 15.
LaTeX Font Info:    ... okay on input line 15.
LaTeX Font Info:    Checking defaults for OT1/cmr/m/n on input line 15.
LaTeX Font Info:    ... okay on input line 15.
LaTeX Font Info:    Checking defaults for IL2/cmr/m/n on input line 15.
LaTeX Font Info:    ... okay on input line 15.
LaTeX Font Info:    Checking defaults for OMS/cmsy/m/n on input line 15.
LaTeX Font Info:    ... okay on input line 15.
LaTeX Font Info:    Checking defaults for OMX/cmex/m/n on input line 15.
LaTeX Font Info:    ... okay on input line 15.
LaTeX Font Info:    Checking defaults for U/cmr/m/n on input line 15.
LaTeX Font Info:    ... okay on input line 15.

(./quantumcite.tex) (./kollareng.bbl [1

{c:/texlive/2010/texmf-var/fonts/map/pdftex/updmap/pdftex.map}] [2] [3] [4] [5]
 [6] [7] [8]) [9] (./kollareng.aux) ) 
Here is how much of TeX's memory you used:
 328 strings out of 494931
 3538 string characters out of 3180714
 51880 words of memory out of 3000000
 3704 multiletter control sequences out of 15000+200000
 5059 words of font info for 19 fonts, out of 3000000 for 9000
 24 hyphenation exceptions out of 8191
 21i,4n,19p,202b,207s stack positions out of 5000i,500n,10000p,200000b,50000s
<c:/texlive/2010/texmf-dist/fonts/type1/pu
blic/amsfonts/cm/cmbx12.pfb><c:/texlive/2010/texmf-dist/fonts/type1/public/amsf
onts/cm/cmr10.pfb><c:/texlive/2010/texmf-dist/fonts/type1/public/amsfonts/cm/cm
ti10.pfb><c:/texlive/2010/texmf-dist/fonts/type1/public/amsfonts/cm/cmtt10.pfb>

Output written on kollareng.pdf (9 pages, 86930 bytes).
PDF statistics:
 50 PDF objects out of 1000 (max. 8388607)
 34 compressed objects within 1 object stream
 0 named destinations out of 1000 (max. 500000)
 1 words of extra memory for PDF output out of 10000 (max. 10000000)

