This is pdfTeX, Version 3.1415926-1.40.11 (Web2C 2010) (format=pdfcslatex 2017.3.14)  22 MAR 2019 13:52
entering extended mode
 restricted \write18 enabled.
 %&-line parsing enabled.
**"C:/Moje Dokumenty/Katedra2019/Diplomove prace/BIBTEX/kollar.tex"
(c:/Moje Dokumenty/Katedra2019/Diplomove prace/BIBTEX/kollar.tex
LaTeX2e <2009/09/24>
Loading CZ hyphenation patterns: Pavel Sevecek, v3, 1995
Loading SK hyphenation patterns: Jana Chlebikova, 1992
(c:/texlive/2010/texmf-dist/tex/latex/base/article.cls
Document Class: article 2007/10/19 v1.4h Standard LaTeX document class
(c:/texlive/2010/texmf-dist/tex/latex/base/size11.clo
File: size11.clo 2007/10/19 v1.4h Standard LaTeX file (size option)
)
\c@part=\count79
\c@section=\count80
\c@subsection=\count81
\c@subsubsection=\count82
\c@paragraph=\count83
\c@subparagraph=\count84
\c@figure=\count85
\c@table=\count86
\abovecaptionskip=\skip41
\belowcaptionskip=\skip42
\bibindent=\dimen102
)
(c:/texlive/2010/texmf-dist/tex/latex/base/inputenc.sty
Package: inputenc 2008/03/30 v1.1d Input encoding file
\inpenc@prehook=\toks16
\inpenc@posthook=\toks17

(c:/texlive/2010/texmf-dist/tex/latex/base/cp1250.def
File: cp1250.def 2008/03/30 v1.1d Input encoding file
))
(c:/texlive/2010/texmf-dist/tex/csplain/base/slovak.sty
Package: slovak 2002/07/19 v2.4 CSTeX slovak style
) (./kollar.aux)
\openout1 = `kollar.aux'.

LaTeX Font Info:    Checking defaults for OML/cmm/m/it on input line 15.
LaTeX Font Info:    ... okay on input line 15.
LaTeX Font Info:    Checking defaults for T1/cmr/m/n on input line 15.
LaTeX Font Info:    ... okay on input line 15.
LaTeX Font Info:    Checking defaults for OT1/cmr/m/n on input line 15.
LaTeX Font Info:    ... okay on input line 15.
LaTeX Font Info:    Checking defaults for IL2/cmr/m/n on input line 15.
LaTeX Font Info:    ... okay on input line 15.
LaTeX Font Info:    Checking defaults for OMS/cmsy/m/n on input line 15.
LaTeX Font Info:    ... okay on input line 15.
LaTeX Font Info:    Checking defaults for OMX/cmex/m/n on input line 15.
LaTeX Font Info:    ... okay on input line 15.
LaTeX Font Info:    Checking defaults for U/cmr/m/n on input line 15.
LaTeX Font Info:    ... okay on input line 15.
LaTeX Font Info:    Try loading font information for IL2+cmtt on input line 17.


(c:/texlive/2010/texmf-dist/tex/latex/cslatex/il2cmtt.fd
File: il2cmtt.fd 1997/08/20 CSLaTeX font definitions
) (./quantumcite.tex)
(./kollar.bbl [1

{c:/texlive/2010/texmf-var/fonts/map/pdftex/updmap/pdftex.map}] [2] [3] [4] [5]
 [6] [7] [8]) [9] (./kollar.aux) ) 
Here is how much of TeX's memory you used:
 438 strings out of 494931
 5193 string characters out of 3180714
 54149 words of memory out of 3000000
 3801 multiletter control sequences out of 15000+200000
 6550 words of font info for 20 fonts, out of 3000000 for 9000
 24 hyphenation exceptions out of 8191
 22i,4n,22p,250b,203s stack positions out of 5000i,500n,10000p,200000b,50000s
<c:/texlive/2010/texmf-dist/fonts/type1/publi
c/cs/csbx12.pfb><c:/texlive/2010/texmf-dist/fonts/type1/public/cs/csr10.pfb><c:
/texlive/2010/texmf-dist/fonts/type1/public/cs/csti10.pfb><c:/texlive/2010/texm
f-dist/fonts/type1/public/cs/cstt10.pfb>
Output written on kollar.pdf (9 pages, 61317 bytes).
PDF statistics:
 50 PDF objects out of 1000 (max. 8388607)
 34 compressed objects within 1 object stream
 0 named destinations out of 1000 (max. 500000)
 1 words of extra memory for PDF output out of 10000 (max. 10000000)

